# BLASTP 2.14.1+
# Query: sp|Q9FUJ1.1|CKX7_ARATH
# Database: /scratch/karencgs/Merveille/findCandidates//Amaryllidoideae
# Fields: query acc.ver, subject acc.ver, % identity, alignment length, mismatches, gap opens, q. start, q. end, s. start, s. end, evalue, bit score
# 10 hits found
sp|Q9FUJ1.1|CKX7_ARATH	Nataz_TRINITY_DN160518_c0_g1_i1.p1	62.008	508	180	4	19	523	42	539	0.0	663
sp|Q9FUJ1.1|CKX7_ARATH	Hivit_TRINITY_DN8161_c0_g1_i2.p1	56.871	473	189	6	51	523	35	492	0.0	548
sp|Q9FUJ1.1|CKX7_ARATH	NptatI_cd97_67833.p1	55.603	473	195	6	51	523	71	528	0.0	546
sp|Q9FUJ1.1|CKX7_ARATH	Histr_TRINITY_DN8118_c0_g1_i3.p1	56.871	473	189	6	51	523	35	492	0.0	546
sp|Q9FUJ1.1|CKX7_ARATH	Nataz_TRINITY_DN5067_c0_g1_i10.p1	55.603	473	195	6	51	523	35	492	0.0	545
sp|Q9FUJ1.1|CKX7_ARATH	Hihyb_TRINITY_DN1246_c13_g1_i2.p1	56.871	473	189	6	51	523	35	492	0.0	545
sp|Q9FUJ1.1|CKX7_ARATH	Zecar_TRINITY_DN100309_c1_g1_i2.p1	56.540	474	191	5	51	524	34	492	0.0	543
sp|Q9FUJ1.1|CKX7_ARATH	Navir_TRRQ-2033821-TRRQ-Narcissus_viridiflorus.p1	55.907	474	194	6	51	524	30	488	0.0	543
sp|Q9FUJ1.1|CKX7_ARATH	Zecan_TRINITY_DN9472_c1_g1_i3.p1	56.540	474	191	5	51	524	35	493	0.0	542
sp|Q9FUJ1.1|CKX7_ARATH	Lychi_TRINITY_DN6526_c0_g1_i1.p1	56.237	473	192	5	51	523	35	492	0.0	541
# BLASTP 2.14.1+
# Query: sp|Q9T0N8.2|CKX1_MAIZE
# Database: /scratch/karencgs/Merveille/findCandidates//Amaryllidoideae
# Fields: query acc.ver, subject acc.ver, % identity, alignment length, mismatches, gap opens, q. start, q. end, s. start, s. end, evalue, bit score
# 10 hits found
sp|Q9T0N8.2|CKX1_MAIZE	Zecan_TRINITY_DN54695_c0_g1_i3.p1	55.533	488	206	8	47	534	28	504	0.0	535
sp|Q9T0N8.2|CKX1_MAIZE	Clmin_TRINITY_DN75923_c0_g1_i6.p1	53.614	498	218	9	36	533	26	510	0.0	526
sp|Q9T0N8.2|CKX1_MAIZE	Lylon_TRINITY_DN44507_c0_g2_i8.p1	54.415	487	210	9	47	533	34	508	3.13e-180	521
sp|Q9T0N8.2|CKX1_MAIZE	Hihyb_TRINITY_DN11141_c1_g1_i5.p1	54.303	488	211	9	47	534	111	586	1.63e-179	522
sp|Q9T0N8.2|CKX1_MAIZE	Hivit_TRINITY_DN17301_c0_g2_i1.p1	53.414	498	220	9	36	533	87	572	2.57e-178	518
sp|Q9T0N8.2|CKX1_MAIZE	Crpow_TRINITY_DN9440_c0_g1_i1.p1	53.183	487	216	9	47	533	56	530	1.51e-174	507
sp|Q9T0N8.2|CKX1_MAIZE	Nataz_TRINITY_DN68535_c0_g1_i9.p1	48.104	501	243	9	43	534	28	520	1.31e-156	461
sp|Q9T0N8.2|CKX1_MAIZE	Nataz_TRINITY_DN68535_c0_g1_i5.p1	48.104	501	243	9	43	534	28	520	1.31e-156	461
sp|Q9T0N8.2|CKX1_MAIZE	Scmul_TRINITY_DN4947_c0_g1_i1.p1	48.387	496	241	8	47	534	52	540	1.41e-156	462
sp|Q9T0N8.2|CKX1_MAIZE	Lyspr_TRINITY_DN30162_c0_g1_i2.p1	47.791	498	243	9	46	534	31	520	1.09e-155	459
# BLASTP 2.14.1+
# Query: sp|F1BVB7.1|STOX_ARGME
# Database: /scratch/karencgs/Merveille/findCandidates//Amaryllidoideae
# Fields: query acc.ver, subject acc.ver, % identity, alignment length, mismatches, gap opens, q. start, q. end, s. start, s. end, evalue, bit score
# 10 hits found
sp|F1BVB7.1|STOX_ARGME	Nataz_TRINITY_DN1199146_c0_g1_i1.p1	50.275	545	247	12	8	534	7	545	0.0	540
sp|F1BVB7.1|STOX_ARGME	Hivit_TRINITY_DN10901_c0_g1_i1.p1	47.575	536	265	9	6	529	4	535	1.64e-171	500
sp|F1BVB7.1|STOX_ARGME	Zecan_TRINITY_DN55219_c0_g1_i4.p1	48.052	539	262	8	6	529	8	543	4.11e-170	497
sp|F1BVB7.1|STOX_ARGME	Lychi_TRINITY_DN455062_c0_g1_i1.p1	49.606	508	241	9	29	527	30	531	1.18e-169	495
sp|F1BVB7.1|STOX_ARGME	Histr_TRINITY_DN7282_c0_g1_i4.p1	47.201	536	267	9	6	529	3	534	7.14e-169	493
sp|F1BVB7.1|STOX_ARGME	Nataz_TRINITY_DN79183_c0_g1_i11.p1	49.343	533	252	10	11	531	7	533	2.47e-168	491
sp|F1BVB7.1|STOX_ARGME	Scmul_TRINITY_DN84155_c0_g2_i5.p1	48.638	514	251	9	23	529	21	528	1.12e-166	488
sp|F1BVB7.1|STOX_ARGME	Clmin_TRINITY_DN2701_c1_g1_i2.p1	46.691	544	271	9	6	533	4	544	1.51e-165	485
sp|F1BVB7.1|STOX_ARGME	Zecar_TRINITY_DN85005_c0_g2_i1.p1	49.084	491	236	7	50	529	17	504	2.80e-165	483
sp|F1BVB7.1|STOX_ARGME	Nataz_TRINITY_DN73946_c0_g1_i4.p1	46.082	536	270	9	7	528	8	538	5.26e-165	484
# BLASTP 2.14.1+
# Query: sp|P30986.1|RETO_ESCCA
# Database: /scratch/karencgs/Merveille/findCandidates//Amaryllidoideae
# Fields: query acc.ver, subject acc.ver, % identity, alignment length, mismatches, gap opens, q. start, q. end, s. start, s. end, evalue, bit score
# 10 hits found
sp|P30986.1|RETO_ESCCA	Crasi_TRINITY_DN13770_c0_g1_i10.p1	49.008	504	251	5	21	519	31	533	5.20e-150	445
sp|P30986.1|RETO_ESCCA	NptatI_cd97_68401.p1	50.701	499	240	5	27	520	33	530	2.00e-149	443
sp|P30986.1|RETO_ESCCA	Crpow_TRINITY_DN7547_c0_g1_i6.p1	48.016	504	256	5	21	519	6	508	4.03e-148	439
sp|P30986.1|RETO_ESCCA	Lyspr_TRINITY_DN12535_c0_g1_i1.p1	49.705	509	242	7	25	520	39	546	5.51e-148	440
sp|P30986.1|RETO_ESCCA	Lyaur_transcript_26760.p1	49.705	509	242	7	25	520	39	546	4.66e-147	438
sp|P30986.1|RETO_ESCCA	Lyaur_transcript_31541.p1	49.705	509	242	7	25	520	45	552	6.09e-147	438
sp|P30986.1|RETO_ESCCA	Crpow_TRINITY_DN7547_c0_g1_i1.p1	48.310	503	254	5	21	518	124	625	6.67e-147	440
sp|P30986.1|RETO_ESCCA	Clmin_TRINITY_DN51042_c0_g1_i1.p1	49.209	506	244	6	25	518	34	538	3.07e-146	436
sp|P30986.1|RETO_ESCCA	Napse_TRINITY_DN52220_c1_g1_i1.p1	48.718	507	244	6	25	520	39	540	7.67e-146	435
sp|P30986.1|RETO_ESCCA	Nataz_TRINITY_DN8930_c0_g1_i1.p1	49.595	494	236	6	25	506	39	531	2.53e-145	432
# BLASTP 2.14.1+
# Query: sp|Q8GTB6.1|THCAS_CANSA
# Database: /scratch/karencgs/Merveille/findCandidates//Amaryllidoideae
# Fields: query acc.ver, subject acc.ver, % identity, alignment length, mismatches, gap opens, q. start, q. end, s. start, s. end, evalue, bit score
# 10 hits found
sp|Q8GTB6.1|THCAS_CANSA	Crpow_TRINITY_DN14896_c0_g1_i2.p1	44.809	549	281	10	1	540	1	536	5.01e-162	476
sp|Q8GTB6.1|THCAS_CANSA	Nataz_TRINITY_DN79183_c0_g1_i11.p1	49.907	539	243	11	14	540	8	531	6.60e-162	475
sp|Q8GTB6.1|THCAS_CANSA	Hivit_TRINITY_DN10901_c0_g1_i1.p1	46.197	539	266	12	14	540	9	535	2.10e-161	474
sp|Q8GTB6.1|THCAS_CANSA	Clmin_TRINITY_DN2701_c1_g1_i2.p1	46.332	518	257	11	32	540	32	537	6.57e-161	473
sp|Q8GTB6.1|THCAS_CANSA	Lychi_TRINITY_DN455062_c0_g1_i1.p1	46.768	526	266	9	19	541	20	534	2.26e-160	471
sp|Q8GTB6.1|THCAS_CANSA	Nataz_TRINITY_DN1199146_c0_g1_i1.p1	47.423	485	238	9	62	541	67	539	2.37e-160	472
sp|Q8GTB6.1|THCAS_CANSA	Crpow_TRINITY_DN14896_c0_g1_i1.p1	44.444	549	283	10	1	540	1	536	6.50e-160	471
sp|Q8GTB6.1|THCAS_CANSA	Histr_TRINITY_DN7282_c0_g1_i4.p1	45.826	539	268	12	14	540	8	534	1.21e-159	470
sp|Q8GTB6.1|THCAS_CANSA	Scmul_TRINITY_DN84155_c0_g2_i5.p1	45.174	518	263	9	29	540	26	528	1.00e-158	468
sp|Q8GTB6.1|THCAS_CANSA	Hihyb_TRINITY_DN32292_c0_g1_i2.p1	46.332	518	257	9	29	540	33	535	5.09e-156	460
# BLASTP 2.14.1+
# Query: sp|O64743.1|BBE15_ARATH
# Database: /scratch/karencgs/Merveille/findCandidates//Amaryllidoideae
# Fields: query acc.ver, subject acc.ver, % identity, alignment length, mismatches, gap opens, q. start, q. end, s. start, s. end, evalue, bit score
# 10 hits found
sp|O64743.1|BBE15_ARATH	Nataz_TRINITY_DN1199146_c0_g1_i1.p1	62.335	531	184	6	11	529	11	537	0.0	711
sp|O64743.1|BBE15_ARATH	Lychi_TRINITY_DN455062_c0_g1_i1.p1	51.176	510	238	7	25	528	27	531	0.0	538
sp|O64743.1|BBE15_ARATH	Lylon_TRINITY_DN333654_c0_g1_i1.p1	72.581	310	83	2	156	464	1	309	8.20e-170	486
sp|O64743.1|BBE15_ARATH	Scmul_TRINITY_DN84155_c0_g2_i5.p1	48.228	508	243	9	31	528	29	526	1.43e-169	495
sp|O64743.1|BBE15_ARATH	Lyspr_TRINITY_DN5850_c0_g1_i1.p1	48.120	532	254	10	13	532	25	546	2.35e-167	489
sp|O64743.1|BBE15_ARATH	Lyaur_transcript_32050.p1	48.120	532	254	10	13	532	8	529	6.17e-167	487
sp|O64743.1|BBE15_ARATH	Lychi_TRINITY_DN2249_c0_g1_i1.p1	48.120	532	254	10	13	532	15	536	7.79e-167	487
sp|O64743.1|BBE15_ARATH	Lylon_TRINITY_DN53541_c0_g1_i3.p1	48.120	532	254	10	13	532	13	534	1.10e-166	487
sp|O64743.1|BBE15_ARATH	Nataz_TRINITY_DN51852_c0_g1_i1.p1	48.228	508	248	7	33	529	37	540	3.92e-166	486
sp|O64743.1|BBE15_ARATH	Nataz_TRINITY_DN79183_c0_g1_i11.p1	48.780	533	245	11	14	528	7	529	5.22e-166	485
# BLAST processed 6 queries
